Traceback (most recent call last):
  File "/silor/boergel/paper/runoff_prediction/src/trainForCoupledModel.py", line 9, in <module>
    import torchmetrics
  File "/silos/conda_packages/boergel/miniconda3_4.12.0/OS_15.4/conda_env/BaltNet/lib/python3.11/site-packages/torchmetrics/__init__.py", line 14, in <module>
    from torchmetrics import functional  # noqa: E402
    ^^^^^^^^^^^^^^^^^^^^^^^^^^^^^^^^^^^
  File "/silos/conda_packages/boergel/miniconda3_4.12.0/OS_15.4/conda_env/BaltNet/lib/python3.11/site-packages/torchmetrics/functional/__init__.py", line 14, in <module>
    from torchmetrics.functional.audio._deprecated import _permutation_invariant_training as permutation_invariant_training
  File "/silos/conda_packages/boergel/miniconda3_4.12.0/OS_15.4/conda_env/BaltNet/lib/python3.11/site-packages/torchmetrics/functional/audio/__init__.py", line 14, in <module>
    from torchmetrics.functional.audio.pit import permutation_invariant_training, pit_permutate
  File "/silos/conda_packages/boergel/miniconda3_4.12.0/OS_15.4/conda_env/BaltNet/lib/python3.11/site-packages/torchmetrics/functional/audio/pit.py", line 22, in <module>
    from torchmetrics.utilities import rank_zero_warn
  File "/silos/conda_packages/boergel/miniconda3_4.12.0/OS_15.4/conda_env/BaltNet/lib/python3.11/site-packages/torchmetrics/utilities/__init__.py", line 14, in <module>
    from torchmetrics.utilities.checks import check_forward_full_state_property
  File "/silos/conda_packages/boergel/miniconda3_4.12.0/OS_15.4/conda_env/BaltNet/lib/python3.11/site-packages/torchmetrics/utilities/checks.py", line 25, in <module>
    from torchmetrics.metric import Metric
  File "/silos/conda_packages/boergel/miniconda3_4.12.0/OS_15.4/conda_env/BaltNet/lib/python3.11/site-packages/torchmetrics/metric.py", line 30, in <module>
    from torchmetrics.utilities.data import (
  File "/silos/conda_packages/boergel/miniconda3_4.12.0/OS_15.4/conda_env/BaltNet/lib/python3.11/site-packages/torchmetrics/utilities/data.py", line 22, in <module>
    from torchmetrics.utilities.imports import _TORCH_GREATER_EQUAL_1_12, _XLA_AVAILABLE
  File "/silos/conda_packages/boergel/miniconda3_4.12.0/OS_15.4/conda_env/BaltNet/lib/python3.11/site-packages/torchmetrics/utilities/imports.py", line 18, in <module>
    from distutils.version import LooseVersion
  File "<frozen importlib._bootstrap>", line 1176, in _find_and_load
  File "<frozen importlib._bootstrap>", line 1138, in _find_and_load_unlocked
  File "<frozen importlib._bootstrap>", line 1078, in _find_spec
  File "/silos/conda_packages/boergel/miniconda3_4.12.0/OS_15.4/conda_env/BaltNet/lib/python3.11/site-packages/_distutils_hack/__init__.py", line 97, in find_spec
    return method()
           ^^^^^^^^
  File "/silos/conda_packages/boergel/miniconda3_4.12.0/OS_15.4/conda_env/BaltNet/lib/python3.11/site-packages/_distutils_hack/__init__.py", line 108, in spec_for_distutils
    mod = importlib.import_module('setuptools._distutils')
          ^^^^^^^^^^^^^^^^^^^^^^^^^^^^^^^^^^^^^^^^^^^^^^^^
  File "/silos/conda_packages/boergel/miniconda3_4.12.0/OS_15.4/conda_env/BaltNet/lib/python3.11/importlib/__init__.py", line 126, in import_module
    return _bootstrap._gcd_import(name[level:], package, level)
           ^^^^^^^^^^^^^^^^^^^^^^^^^^^^^^^^^^^^^^^^^^^^^^^^^^^^
  File "/silos/conda_packages/boergel/miniconda3_4.12.0/OS_15.4/conda_env/BaltNet/lib/python3.11/site-packages/setuptools/__init__.py", line 16, in <module>
    from .dist import Distribution
  File "/silos/conda_packages/boergel/miniconda3_4.12.0/OS_15.4/conda_env/BaltNet/lib/python3.11/site-packages/setuptools/dist.py", line 36, in <module>
    from .config import setupcfg, pyprojecttoml
  File "/silos/conda_packages/boergel/miniconda3_4.12.0/OS_15.4/conda_env/BaltNet/lib/python3.11/site-packages/setuptools/config/__init__.py", line 8, in <module>
    from . import setupcfg
  File "/silos/conda_packages/boergel/miniconda3_4.12.0/OS_15.4/conda_env/BaltNet/lib/python3.11/site-packages/setuptools/config/setupcfg.py", line 38, in <module>
    from . import expand
  File "<frozen importlib._bootstrap>", line 1165, in _find_and_load
KeyboardInterrupt
